#
# There is insufficient memory for the Java Runtime Environment to continue.
# Native memory allocation (malloc) failed to allocate 1309856 bytes for Chunk::new
# Possible reasons:
#   The system is out of physical RAM or swap space
#   In 32 bit mode, the process size limit was hit
# Possible solutions:
#   Reduce memory load on the system
#   Increase physical memory or swap space
#   Check if swap backing store is full
#   Use 64 bit Java on a 64 bit OS
#   Decrease Java heap size (-Xmx/-Xms)
#   Decrease number of Java threads
#   Decrease Java thread stack sizes (-Xss)
#   Set larger code cache with -XX:ReservedCodeCacheSize=
# This output file may be truncated or incomplete.
#
#  Out of Memory Error (allocation.cpp:390), pid=8004, tid=0x0000000000000a54
#
# JRE version: OpenJDK Runtime Environment (8.0_152-b06) (build 1.8.0_152-release-1136-b06)
# Java VM: OpenJDK 64-Bit Server VM (25.152-b06 mixed mode windows-amd64 compressed oops)
# Failed to write core dump. Minidumps are not enabled by default on client versions of Windows
#

---------------  T H R E A D  ---------------

Current thread (0x00000000173e9000):  JavaThread "C2 CompilerThread1" daemon [_thread_in_native, id=2644, stack(0x0000000017ae0000,0x0000000017be0000)]

Stack: [0x0000000017ae0000,0x0000000017be0000]
[error occurred during error reporting (printing stack bounds), id 0xc0000005]

Native frames: (J=compiled Java code, j=interpreted, Vv=VM code, C=native code)


Current CompileTask:
C2:   6320 2964       4       groovy.lang.MetaClassImpl$1MOPIter::methodNameAction (479 bytes)


---------------  P R O C E S S  ---------------

Java Threads: ( => current thread )
  0x000000001aa40000 JavaThread "Build operations Thread 4" [_thread_blocked, id=9604, stack(0x000000001fb30000,0x000000001fc30000)]
  0x000000001aa3e800 JavaThread "Build operations Thread 3" [_thread_blocked, id=9084, stack(0x000000001fa30000,0x000000001fb30000)]
  0x000000001a58f800 JavaThread "Build operations Thread 2" [_thread_blocked, id=3452, stack(0x000000001f930000,0x000000001fa30000)]
  0x000000001a58c000 JavaThread "Build operations" [_thread_blocked, id=9048, stack(0x000000001f210000,0x000000001f310000)]
  0x000000001a589800 JavaThread "Cache worker for Artifact transforms cache (C:\Users\16265\.gradle\caches\transforms-1)" [_thread_blocked, id=10532, stack(0x000000001e120000,0x000000001e220000)]
  0x000000001a58e000 JavaThread "Cache worker for cache directory md-rule (C:\Users\16265\.gradle\caches\4.10.1\md-rule)" [_thread_blocked, id=10524, stack(0x000000001e020000,0x000000001e120000)]
  0x000000001a58a800 JavaThread "Cache worker for cache directory md-supplier (C:\Users\16265\.gradle\caches\4.10.1\md-supplier)" [_thread_blocked, id=1556, stack(0x000000001de20000,0x000000001df20000)]
  0x000000001a58c800 JavaThread "Cache worker for journal cache (C:\Users\16265\.gradle\caches\journal-1)" [_thread_blocked, id=3020, stack(0x000000001c750000,0x000000001c850000)]
  0x000000001a58f000 JavaThread "Cache worker for file hash cache (D:\Android_intro-master\Android_intro-master\13_Weather_App_Design\.gradle\4.10.1\fileHashes)" [_thread_blocked, id=10648, stack(0x000000001b680000,0x000000001b780000)]
  0x0000000019692800 JavaThread "File lock request listener" [_thread_in_native, id=10904, stack(0x000000001b580000,0x000000001b680000)]
  0x000000001915b800 JavaThread "Cache worker for file hash cache (C:\Users\16265\.gradle\caches\4.10.1\fileHashes)" [_thread_blocked, id=824, stack(0x000000001b480000,0x000000001b580000)]
  0x000000001906f000 JavaThread "Stdin handler" [_thread_blocked, id=6508, stack(0x000000001a1b0000,0x000000001a2b0000)]
  0x000000001905e000 JavaThread "Asynchronous log dispatcher for DefaultDaemonConnection: socket connection from /127.0.0.1:8823 to /127.0.0.1:8824" [_thread_blocked, id=9932, stack(0x000000001a0b0000,0x000000001a1b0000)]
  0x0000000019069800 JavaThread "Daemon worker" [_thread_in_Java, id=10444, stack(0x0000000019fb0000,0x000000001a0b0000)]
  0x0000000019068800 JavaThread "Cancel handler" [_thread_blocked, id=9660, stack(0x0000000019eb0000,0x0000000019fb0000)]
  0x0000000019044000 JavaThread "Handler for socket connection from /127.0.0.1:8823 to /127.0.0.1:8824" [_thread_in_native, id=7096, stack(0x0000000019bb0000,0x0000000019cb0000)]
  0x000000001903a000 JavaThread "Daemon" [_thread_blocked, id=5240, stack(0x0000000019ab0000,0x0000000019bb0000)]
  0x0000000018ee6800 JavaThread "Daemon periodic checks" [_thread_blocked, id=10636, stack(0x00000000199b0000,0x0000000019ab0000)]
  0x0000000018e53000 JavaThread "Incoming local TCP Connector on port 8823" [_thread_in_native, id=1816, stack(0x00000000198b0000,0x00000000199b0000)]
  0x0000000017466000 JavaThread "Service Thread" daemon [_thread_blocked, id=9012, stack(0x0000000017ce0000,0x0000000017de0000)]
  0x000000001743e800 JavaThread "C1 CompilerThread2" daemon [_thread_blocked, id=4116, stack(0x0000000017be0000,0x0000000017ce0000)]
=>0x00000000173e9000 JavaThread "C2 CompilerThread1" daemon [_thread_in_native, id=2644, stack(0x0000000017ae0000,0x0000000017be0000)]
  0x00000000160db800 JavaThread "C2 CompilerThread0" daemon [_thread_in_native, id=492, stack(0x00000000179e0000,0x0000000017ae0000)]
  0x00000000160d9800 JavaThread "Attach Listener" daemon [_thread_blocked, id=472, stack(0x00000000178e0000,0x00000000179e0000)]
  0x0000000016095000 JavaThread "Signal Dispatcher" daemon [_thread_blocked, id=6416, stack(0x00000000177e0000,0x00000000178e0000)]
  0x0000000016068800 JavaThread "Finalizer" daemon [_thread_blocked, id=1316, stack(0x00000000172e0000,0x00000000173e0000)]
  0x0000000002702800 JavaThread "Reference Handler" daemon [_thread_blocked, id=10456, stack(0x00000000171e0000,0x00000000172e0000)]
  0x000000000260e000 JavaThread "main" [_thread_blocked, id=4624, stack(0x00000000024e0000,0x00000000025e0000)]

Other Threads:
  0x0000000016046800 VMThread [stack: 0x00000000170e0000,0x00000000171e0000] [id=10244]
  0x000000001744a800 WatcherThread [stack: 0x0000000017de0000,0x0000000017ee0000] [id=7352]

VM state:not at safepoint (normal execution)

VM Mutex/Monitor currently owned by a thread: None

Heap:
 PSYoungGen      total 125952K, used 22338K [0x00000000e0000000, 0x00000000e8700000, 0x0000000100000000)
  eden space 116736K, 12% used [0x00000000e0000000,0x00000000e0dd5710,0x00000000e7200000)
  from space 9216K, 88% used [0x00000000e7e00000,0x00000000e85fb150,0x00000000e8700000)
  to   space 10752K, 0% used [0x00000000e7200000,0x00000000e7200000,0x00000000e7c80000)
 ParOldGen       total 50688K, used 7348K [0x00000000a0000000, 0x00000000a3180000, 0x00000000e0000000)
  object space 50688K, 14% used [0x00000000a0000000,0x00000000a072d178,0x00000000a3180000)
 Metaspace       used 31332K, capacity 31802K, committed 32000K, reserved 1077248K
  class space    used 4379K, capacity 4592K, committed 4608K, reserved 1048576K

Card table byte_map: [0x0000000011ad0000,0x0000000011de0000] byte_map_base: 0x00000000115d0000

Marking Bits: (ParMarkBitMap*) 0x0000000059935aa0
 Begin Bits: [0x00000000123e0000, 0x0000000013be0000)
 End Bits:   [0x0000000013be0000, 0x00000000153e0000)

Polling page: 0x00000000001f0000

CodeCache: size=245760Kb used=9861Kb max_used=10109Kb free=235898Kb
 bounds [0x0000000002710000, 0x0000000003100000, 0x0000000011710000]
 total_blobs=3464 nmethods=2782 adapters=595
 compilation: enabled

Compilation events (10 events):
Event: 6.287 Thread 0x000000001743e800 3014       3       java.lang.reflect.WeakCache::expungeStaleEntries (31 bytes)
Event: 6.287 Thread 0x000000001743e800 nmethod 3014 0x0000000002bc1c10 code [0x0000000002bc1dc0, 0x0000000002bc2478]
Event: 6.287 Thread 0x000000001743e800 3015       1       sun.reflect.AccessorGenerator::sub (5 bytes)
Event: 6.287 Thread 0x000000001743e800 nmethod 3015 0x000000000283be50 code [0x000000000283bfa0, 0x000000000283c090]
Event: 6.287 Thread 0x000000001743e800 3016       3       sun.reflect.annotation.AnnotationParser::parseAnnotations2 (135 bytes)
Event: 6.289 Thread 0x000000001743e800 nmethod 3016 0x00000000029b5c50 code [0x00000000029b6000, 0x00000000029b7f38]
Event: 6.289 Thread 0x000000001743e800 3017       3       com.google.common.collect.LinkedHashMultimap::succeedsInMultimap (11 bytes)
Event: 6.290 Thread 0x000000001743e800 nmethod 3017 0x00000000028c30d0 code [0x00000000028c3240, 0x00000000028c3570]
Event: 6.290 Thread 0x000000001743e800 3018       3       com.google.common.collect.LinkedHashMultimap$ValueEntry::setSuccessorInMultimap (6 bytes)
Event: 6.290 Thread 0x000000001743e800 nmethod 3018 0x00000000029a9a10 code [0x00000000029a9b60, 0x00000000029a9cd0]

GC Heap History (10 events):
Event: 3.891 GC heap before
{Heap before GC invocations=5 (full 0):
 PSYoungGen      total 37888K, used 37880K [0x00000000e0000000, 0x00000000e4a00000, 0x0000000100000000)
  eden space 32768K, 100% used [0x00000000e0000000,0x00000000e2000000,0x00000000e2000000)
  from space 5120K, 99% used [0x00000000e2500000,0x00000000e29fe050,0x00000000e2a00000)
  to   space 5120K, 0% used [0x00000000e2000000,0x00000000e2000000,0x00000000e2500000)
 ParOldGen       total 86016K, used 5386K [0x00000000a0000000, 0x00000000a5400000, 0x00000000e0000000)
  object space 86016K, 6% used [0x00000000a0000000,0x00000000a05429b0,0x00000000a5400000)
 Metaspace       used 20312K, capacity 20828K, committed 20992K, reserved 1067008K
  class space    used 2860K, capacity 3056K, committed 3072K, reserved 1048576K
Event: 3.902 GC heap after
Heap after GC invocations=5 (full 0):
 PSYoungGen      total 37888K, used 5116K [0x00000000e0000000, 0x00000000e5600000, 0x0000000100000000)
  eden space 32768K, 0% used [0x00000000e0000000,0x00000000e0000000,0x00000000e2000000)
  from space 5120K, 99% used [0x00000000e2000000,0x00000000e24ff060,0x00000000e2500000)
  to   space 11264K, 0% used [0x00000000e4b00000,0x00000000e4b00000,0x00000000e5600000)
 ParOldGen       total 86016K, used 9695K [0x00000000a0000000, 0x00000000a5400000, 0x00000000e0000000)
  object space 86016K, 11% used [0x00000000a0000000,0x00000000a0977c58,0x00000000a5400000)
 Metaspace       used 20312K, capacity 20828K, committed 20992K, reserved 1067008K
  class space    used 2860K, capacity 3056K, committed 3072K, reserved 1048576K
}
Event: 3.921 GC heap before
{Heap before GC invocations=6 (full 0):
 PSYoungGen      total 37888K, used 6217K [0x00000000e0000000, 0x00000000e5600000, 0x0000000100000000)
  eden space 32768K, 3% used [0x00000000e0000000,0x00000000e0113740,0x00000000e2000000)
  from space 5120K, 99% used [0x00000000e2000000,0x00000000e24ff060,0x00000000e2500000)
  to   space 11264K, 0% used [0x00000000e4b00000,0x00000000e4b00000,0x00000000e5600000)
 ParOldGen       total 86016K, used 9695K [0x00000000a0000000, 0x00000000a5400000, 0x00000000e0000000)
  object space 86016K, 11% used [0x00000000a0000000,0x00000000a0977c58,0x00000000a5400000)
 Metaspace       used 20739K, capacity 21212K, committed 21248K, reserved 1067008K
  class space    used 2886K, capacity 3056K, committed 3072K, reserved 1048576K
Event: 3.928 GC heap after
Heap after GC invocations=6 (full 0):
 PSYoungGen      total 75776K, used 5350K [0x00000000e0000000, 0x00000000e5500000, 0x0000000100000000)
  eden space 65536K, 0% used [0x00000000e0000000,0x00000000e0000000,0x00000000e4000000)
  from space 10240K, 52% used [0x00000000e4b00000,0x00000000e50399b0,0x00000000e5500000)
  to   space 10752K, 0% used [0x00000000e4000000,0x00000000e4000000,0x00000000e4a80000)
 ParOldGen       total 86016K, used 9703K [0x00000000a0000000, 0x00000000a5400000, 0x00000000e0000000)
  object space 86016K, 11% used [0x00000000a0000000,0x00000000a0979c58,0x00000000a5400000)
 Metaspace       used 20739K, capacity 21212K, committed 21248K, reserved 1067008K
  class space    used 2886K, capacity 3056K, committed 3072K, reserved 1048576K
}
Event: 3.928 GC heap before
{Heap before GC invocations=7 (full 1):
 PSYoungGen      total 75776K, used 5350K [0x00000000e0000000, 0x00000000e5500000, 0x0000000100000000)
  eden space 65536K, 0% used [0x00000000e0000000,0x00000000e0000000,0x00000000e4000000)
  from space 10240K, 52% used [0x00000000e4b00000,0x00000000e50399b0,0x00000000e5500000)
  to   space 10752K, 0% used [0x00000000e4000000,0x00000000e4000000,0x00000000e4a80000)
 ParOldGen       total 86016K, used 9703K [0x00000000a0000000, 0x00000000a5400000, 0x00000000e0000000)
  object space 86016K, 11% used [0x00000000a0000000,0x00000000a0979c58,0x00000000a5400000)
 Metaspace       used 20739K, capacity 21212K, committed 21248K, reserved 1067008K
  class space    used 2886K, capacity 3056K, committed 3072K, reserved 1048576K
Event: 3.980 GC heap after
Heap after GC invocations=7 (full 1):
 PSYoungGen      total 75776K, used 0K [0x00000000e0000000, 0x00000000e5500000, 0x0000000100000000)
  eden space 65536K, 0% used [0x00000000e0000000,0x00000000e0000000,0x00000000e4000000)
  from space 10240K, 0% used [0x00000000e4b00000,0x00000000e4b00000,0x00000000e5500000)
  to   space 10752K, 0% used [0x00000000e4000000,0x00000000e4000000,0x00000000e4a80000)
 ParOldGen       total 50688K, used 7332K [0x00000000a0000000, 0x00000000a3180000, 0x00000000e0000000)
  object space 50688K, 14% used [0x00000000a0000000,0x00000000a0729178,0x00000000a3180000)
 Metaspace       used 20739K, capacity 21212K, committed 21248K, reserved 1067008K
  class space    used 2886K, capacity 3056K, committed 3072K, reserved 1048576K
}
Event: 5.355 GC heap before
{Heap before GC invocations=8 (full 1):
 PSYoungGen      total 75776K, used 65536K [0x00000000e0000000, 0x00000000e5500000, 0x0000000100000000)
  eden space 65536K, 100% used [0x00000000e0000000,0x00000000e4000000,0x00000000e4000000)
  from space 10240K, 0% used [0x00000000e4b00000,0x00000000e4b00000,0x00000000e5500000)
  to   space 10752K, 0% used [0x00000000e4000000,0x00000000e4000000,0x00000000e4a80000)
 ParOldGen       total 50688K, used 7332K [0x00000000a0000000, 0x00000000a3180000, 0x00000000e0000000)
  object space 50688K, 14% used [0x00000000a0000000,0x00000000a0729178,0x00000000a3180000)
 Metaspace       used 27262K, capacity 27818K, committed 28032K, reserved 1073152K
  class space    used 3727K, capacity 3907K, committed 3968K, reserved 1048576K
Event: 5.364 GC heap after
Heap after GC invocations=8 (full 1):
 PSYoungGen      total 76288K, used 7002K [0x00000000e0000000, 0x00000000e8800000, 0x0000000100000000)
  eden space 65536K, 0% used [0x00000000e0000000,0x00000000e0000000,0x00000000e4000000)
  from space 10752K, 65% used [0x00000000e4000000,0x00000000e46d69c8,0x00000000e4a80000)
  to   space 10240K, 0% used [0x00000000e7e00000,0x00000000e7e00000,0x00000000e8800000)
 ParOldGen       total 50688K, used 7340K [0x00000000a0000000, 0x00000000a3180000, 0x00000000e0000000)
  object space 50688K, 14% used [0x00000000a0000000,0x00000000a072b178,0x00000000a3180000)
 Metaspace       used 27262K, capacity 27818K, committed 28032K, reserved 1073152K
  class space    used 3727K, capacity 3907K, committed 3968K, reserved 1048576K
}
Event: 5.991 GC heap before
{Heap before GC invocations=9 (full 1):
 PSYoungGen      total 76288K, used 72538K [0x00000000e0000000, 0x00000000e8800000, 0x0000000100000000)
  eden space 65536K, 100% used [0x00000000e0000000,0x00000000e4000000,0x00000000e4000000)
  from space 10752K, 65% used [0x00000000e4000000,0x00000000e46d69c8,0x00000000e4a80000)
  to   space 10240K, 0% used [0x00000000e7e00000,0x00000000e7e00000,0x00000000e8800000)
 ParOldGen       total 50688K, used 7340K [0x00000000a0000000, 0x00000000a3180000, 0x00000000e0000000)
  object space 50688K, 14% used [0x00000000a0000000,0x00000000a072b178,0x00000000a3180000)
 Metaspace       used 30555K, capacity 31062K, committed 31104K, reserved 1075200K
  class space    used 4238K, capacity 4454K, committed 4480K, reserved 1048576K
Event: 6.002 GC heap after
Heap after GC invocations=9 (full 1):
 PSYoungGen      total 125952K, used 8172K [0x00000000e0000000, 0x00000000e8700000, 0x0000000100000000)
  eden space 116736K, 0% used [0x00000000e0000000,0x00000000e0000000,0x00000000e7200000)
  from space 9216K, 88% used [0x00000000e7e00000,0x00000000e85fb150,0x00000000e8700000)
  to   space 10752K, 0% used [0x00000000e7200000,0x00000000e7200000,0x00000000e7c80000)
 ParOldGen       total 50688K, used 7348K [0x00000000a0000000, 0x00000000a3180000, 0x00000000e0000000)
  object space 50688K, 14% used [0x00000000a0000000,0x00000000a072d178,0x00000000a3180000)
 Metaspace       used 30555K, capacity 31062K, committed 31104K, reserved 1075200K
  class space    used 4238K, capacity 4454K, committed 4480K, reserved 1048576K
}

Deoptimization events (10 events):
Event: 5.244 Thread 0x0000000019069800 Uncommon trap: reason=unstable_if action=reinterpret pc=0x00000000029ac58c method=java.io.WinNTFileSystem.resolve(Ljava/lang/String;Ljava/lang/String;)Ljava/lang/String; @ 49
Event: 5.597 Thread 0x0000000019069800 Uncommon trap: reason=unstable_if action=reinterpret pc=0x0000000002f4dd20 method=java.net.URI.match(CJJ)Z @ 45
Event: 5.821 Thread 0x0000000019069800 Uncommon trap: reason=unstable_if action=reinterpret pc=0x000000000305f644 method=java.util.concurrent.ConcurrentHashMap.get(Ljava/lang/Object;)Ljava/lang/Object; @ 152
Event: 5.822 Thread 0x0000000019069800 Uncommon trap: reason=class_check action=maybe_recompile pc=0x0000000002ce1ea8 method=java.util.concurrent.ConcurrentHashMap.putVal(Ljava/lang/Object;Ljava/lang/Object;Z)Ljava/lang/Object; @ 192
Event: 5.831 Thread 0x0000000019069800 Uncommon trap: reason=class_check action=maybe_recompile pc=0x0000000002ce1ea8 method=java.util.concurrent.ConcurrentHashMap.putVal(Ljava/lang/Object;Ljava/lang/Object;Z)Ljava/lang/Object; @ 192
Event: 5.832 Thread 0x0000000019069800 Uncommon trap: reason=class_check action=maybe_recompile pc=0x0000000002ce1ea8 method=java.util.concurrent.ConcurrentHashMap.putVal(Ljava/lang/Object;Ljava/lang/Object;Z)Ljava/lang/Object; @ 192
Event: 5.895 Thread 0x0000000019069800 Uncommon trap: reason=unstable_if action=reinterpret pc=0x0000000002ce1d1c method=java.util.concurrent.ConcurrentHashMap.addCount(JI)V @ 34
Event: 5.905 Thread 0x0000000019069800 Uncommon trap: reason=unstable_if action=reinterpret pc=0x0000000002ba4a1c method=java.util.concurrent.ConcurrentHashMap.addCount(JI)V @ 34
Event: 6.088 Thread 0x0000000019069800 Uncommon trap: reason=unstable_if action=reinterpret pc=0x0000000002fe4c8c method=org.codehaus.groovy.runtime.metaclass.MetaMethodIndex.addMethodToList(Ljava/lang/Object;Lgroovy/lang/MetaMethod;)Ljava/lang/Object; @ 226
Event: 6.289 Thread 0x0000000019069800 Uncommon trap: reason=range_check action=make_not_entrant pc=0x000000000303f874 method=java.lang.String.charAt(I)C @ 27

Classes redefined (0 events):
No events

Internal exceptions (10 events):
Event: 6.214 Thread 0x0000000019069800 Exception <a 'java/security/PrivilegedActionException'> (0x00000000e078fe28) thrown at [D:\src\AOSP-openjdk-cygwin\jdk8u\hotspot\src\share\vm\prims\jvm.cpp, line 1390]
Event: 6.214 Thread 0x0000000019069800 Exception <a 'java/security/PrivilegedActionException'> (0x00000000e07907d8) thrown at [D:\src\AOSP-openjdk-cygwin\jdk8u\hotspot\src\share\vm\prims\jvm.cpp, line 1390]
Event: 6.214 Thread 0x0000000019069800 Exception <a 'java/security/PrivilegedActionException'> (0x00000000e0792fe0) thrown at [D:\src\AOSP-openjdk-cygwin\jdk8u\hotspot\src\share\vm\prims\jvm.cpp, line 1390]
Event: 6.214 Thread 0x0000000019069800 Exception <a 'java/security/PrivilegedActionException'> (0x00000000e0793990) thrown at [D:\src\AOSP-openjdk-cygwin\jdk8u\hotspot\src\share\vm\prims\jvm.cpp, line 1390]
Event: 6.214 Thread 0x0000000019069800 Exception <a 'java/security/PrivilegedActionException'> (0x00000000e0796378) thrown at [D:\src\AOSP-openjdk-cygwin\jdk8u\hotspot\src\share\vm\prims\jvm.cpp, line 1390]
Event: 6.214 Thread 0x0000000019069800 Exception <a 'java/security/PrivilegedActionException'> (0x00000000e0796d28) thrown at [D:\src\AOSP-openjdk-cygwin\jdk8u\hotspot\src\share\vm\prims\jvm.cpp, line 1390]
Event: 6.220 Thread 0x0000000019069800 Exception <a 'java/lang/ClassNotFoundException': org/gradle/api/internal/project/DefaultProject_DecoratedBeanInfo> (0x00000000e07aaef8) thrown at [D:\src\AOSP-openjdk-cygwin\jdk8u\hotspot\src\share\vm\classfile\systemDictionary.cpp, line 210]
Event: 6.221 Thread 0x0000000019069800 Exception <a 'java/lang/ClassNotFoundException': org/gradle/api/internal/project/DefaultProjectBeanInfo> (0x00000000e07feac0) thrown at [D:\src\AOSP-openjdk-cygwin\jdk8u\hotspot\src\share\vm\classfile\systemDictionary.cpp, line 210]
Event: 6.222 Thread 0x0000000019069800 Exception <a 'java/lang/ClassNotFoundException': org/gradle/api/internal/project/DefaultProjectCustomizer> (0x00000000e08317c8) thrown at [D:\src\AOSP-openjdk-cygwin\jdk8u\hotspot\src\share\vm\classfile\systemDictionary.cpp, line 210]
Event: 6.238 Thread 0x0000000019069800 Exception <a 'java/lang/ClassNotFoundException': org/gradle/api/internal/project/DefaultProject_DecoratedCustomizer> (0x00000000e0937788) thrown at [D:\src\AOSP-openjdk-cygwin\jdk8u\hotspot\src\share\vm\classfile\systemDictionary.cpp, line 210]

Events (10 events):
Event: 6.317 loading class org/gradle/api/internal/tasks/DefaultTaskOutputs$TaskOutputUnionFileCollection
Event: 6.317 loading class org/gradle/api/internal/tasks/DefaultTaskOutputs$TaskOutputUnionFileCollection done
Event: 6.318 loading class org/gradle/api/internal/tasks/DefaultTaskDestroyables
Event: 6.318 loading class org/gradle/api/internal/tasks/DefaultTaskDestroyables done
Event: 6.318 loading class org/gradle/api/internal/tasks/TaskDestroyablesInternal
Event: 6.318 loading class org/gradle/api/internal/tasks/TaskDestroyablesInternal done
Event: 6.318 loading class org/gradle/api/internal/tasks/DefaultTaskLocalState
Event: 6.318 loading class org/gradle/api/internal/tasks/DefaultTaskLocalState done
Event: 6.319 loading class org/gradle/api/tasks/CacheableTask
Event: 6.319 loading class org/gradle/api/tasks/CacheableTask done


Dynamic libraries:
0x00007ff60dfe0000 - 0x00007ff60e011000 	C:\Program Files\Android\Android Studio\jre\bin\java.exe
0x00007fff65270000 - 0x00007fff65431000 	C:\Windows\SYSTEM32\ntdll.dll
0x00007fff63130000 - 0x00007fff631dd000 	C:\Windows\system32\KERNEL32.DLL
0x00007fff62020000 - 0x00007fff62208000 	C:\Windows\system32\KERNELBASE.dll
0x00007fff62d90000 - 0x00007fff62e37000 	C:\Windows\system32\ADVAPI32.dll
0x00007fff62940000 - 0x00007fff629dd000 	C:\Windows\system32\msvcrt.dll
0x00007fff626b0000 - 0x00007fff6270b000 	C:\Windows\system32\sechost.dll
0x00007fff62820000 - 0x00007fff6293c000 	C:\Windows\system32\RPCRT4.dll
0x00007fff64fe0000 - 0x00007fff65136000 	C:\Windows\system32\USER32.dll
0x00007fff62e40000 - 0x00007fff62fc6000 	C:\Windows\system32\GDI32.dll
0x00007fff3cfc0000 - 0x00007fff3d234000 	C:\Windows\WinSxS\amd64_microsoft.windows.common-controls_6595b64144ccf1df_6.0.10586.0_none_8c15ae12515e1c22\COMCTL32.dll
0x00007fff64d20000 - 0x00007fff64f9d000 	C:\Windows\system32\combase.dll
0x00007fff62210000 - 0x00007fff6227a000 	C:\Windows\system32\bcryptPrimitives.dll
0x00007fff64fa0000 - 0x00007fff64fdb000 	C:\Windows\system32\IMM32.DLL
0x0000000056e70000 - 0x0000000056f42000 	C:\Program Files\Android\Android Studio\jre\jre\bin\msvcr100.dll
0x0000000059170000 - 0x00000000599b1000 	C:\Program Files\Android\Android Studio\jre\jre\bin\server\jvm.dll
0x00007fff63750000 - 0x00007fff63758000 	C:\Windows\system32\PSAPI.DLL
0x00007fff5d8f0000 - 0x00007fff5d8f9000 	C:\Windows\SYSTEM32\WSOCK32.dll
0x00007fff636e0000 - 0x00007fff6374b000 	C:\Windows\system32\WS2_32.dll
0x00007fff5ffb0000 - 0x00007fff5ffd3000 	C:\Windows\SYSTEM32\WINMM.dll
0x00007fff555d0000 - 0x00007fff555da000 	C:\Windows\SYSTEM32\VERSION.dll
0x00007fff5ff80000 - 0x00007fff5ffac000 	C:\Windows\SYSTEM32\WINMMBASE.dll
0x00007fff62280000 - 0x00007fff622c3000 	C:\Windows\system32\cfgmgr32.dll
0x00007fff5fa20000 - 0x00007fff5fa2f000 	C:\Program Files\Android\Android Studio\jre\jre\bin\verify.dll
0x00007fff5b510000 - 0x00007fff5b539000 	C:\Program Files\Android\Android Studio\jre\jre\bin\java.dll
0x00007fff5eb70000 - 0x00007fff5eb86000 	C:\Program Files\Android\Android Studio\jre\jre\bin\zip.dll
0x00007fff63760000 - 0x00007fff64cbc000 	C:\Windows\system32\SHELL32.dll
0x00007fff619d0000 - 0x00007fff62015000 	C:\Windows\system32\windows.storage.dll
0x00007fff65210000 - 0x00007fff65262000 	C:\Windows\system32\shlwapi.dll
0x00007fff61910000 - 0x00007fff6191f000 	C:\Windows\system32\kernel.appcore.dll
0x00007fff62330000 - 0x00007fff623e5000 	C:\Windows\system32\shcore.dll
0x00007fff618b0000 - 0x00007fff618fb000 	C:\Windows\system32\powrprof.dll
0x00007fff61890000 - 0x00007fff618a4000 	C:\Windows\system32\profapi.dll
0x00007fff5db90000 - 0x00007fff5dbaa000 	C:\Program Files\Android\Android Studio\jre\jre\bin\net.dll
0x00007fff61140000 - 0x00007fff6119c000 	C:\Windows\system32\mswsock.dll
0x00007fff5db30000 - 0x00007fff5db41000 	C:\Program Files\Android\Android Studio\jre\jre\bin\nio.dll
0x00007fff5aed0000 - 0x00007fff5aeee000 	C:\Users\16265\.gradle\native\25\windows-amd64\native-platform.dll
0x00007fff5d910000 - 0x00007fff5d91d000 	C:\Program Files\Android\Android Studio\jre\jre\bin\management.dll
0x00007fff611f0000 - 0x00007fff61207000 	C:\Windows\SYSTEM32\CRYPTSP.dll
0x00007fff60e80000 - 0x00007fff60eb4000 	C:\Windows\system32\rsaenh.dll
0x00007fff617c0000 - 0x00007fff617e9000 	C:\Windows\SYSTEM32\bcrypt.dll
0x00007fff60fd0000 - 0x00007fff60fef000 	C:\Windows\SYSTEM32\USERENV.dll
0x00007fff61310000 - 0x00007fff6131b000 	C:\Windows\SYSTEM32\CRYPTBASE.dll
0x00007fff5e000000 - 0x00007fff5e038000 	C:\Windows\SYSTEM32\IPHLPAPI.DLL
0x00007fff62670000 - 0x00007fff62678000 	C:\Windows\system32\NSI.dll
0x00007fff59a70000 - 0x00007fff59a86000 	C:\Windows\SYSTEM32\dhcpcsvc6.DLL
0x00007fff59a50000 - 0x00007fff59a6a000 	C:\Windows\SYSTEM32\dhcpcsvc.DLL

VM Arguments:
jvm_args: -Xmx1536m -Dfile.encoding=GBK -Duser.country=CN -Duser.language=zh -Duser.variant 
java_command: org.gradle.launcher.daemon.bootstrap.GradleDaemon 4.10.1
java_class_path (initial): C:\Users\16265\.gradle\wrapper\dists\gradle-4.10.1-all\455itskqi2qtf0v2sja68alqd\gradle-4.10.1\lib\gradle-launcher-4.10.1.jar
Launcher Type: SUN_STANDARD

Environment Variables:
JAVA_HOME=C:\Program Files\Java\jdk-10.0.1
CLASSPATH=.;C:\Program Files\Java\jdk-10.0.1\lib\dt.jar;C:\Program Files\Java\jdk-10.0.1\lib\tools.jar;D:\sqljdbc4\sqljdbc42.jar;
PATH=;C:\Program Files (x86)\Common Files\Oracle\Java\javapath;C:\Windows\system32;C:\Windows;C:\Windows\System32\Wbem;C:\Windows\System32\WindowsPowerShell\v1.0\;C:\Program Files (x86)\ATI Technologies\ATI.ACE\Core-Static;C:\Program Files\Microsoft SQL Server\120\Tools\Binn\;C:\Program Files\Microsoft SQL Server\130\Tools\Binn\;C:\Program Files (x86)\nodejs\;C:\Program Files (x86)\Microsoft SQL Server\140\Tools\Binn\;C:\Program Files\Microsoft SQL Server\140\Tools\Binn\;C:\Program Files (x86)\Microsoft SQL Server\140\DTS\Binn\;C:\Program Files\Microsoft SQL Server\140\DTS\Binn\;C:\Program Files\Microsoft SQL Server\Client SDK\ODBC\130\Tools\Binn\;C:\Program Files\Java\jdk-10.0.1\jre\bin;C:\Program Files\Java\jdk-10.0.1\bin;C:\Program Files\mysql-8.0.11-winx64\bin;C:\Program Files\dotnet\;C:\Program Files (x86)\Microsoft SQL Server\Client SDK\ODBC\130\Tools\Binn\;C:\Program Files (x86)\Microsoft SQL Server\140\Tools\Binn\ManagementStudio\;C:\Program Files\NVIDIA GPU Computing Toolkit\CUDA\v7.0\bin;C:\Program Files\NVIDIA GPU Computing Toolkit\CUDA\v7.0\lib\x64;C:\Program Files\NVIDIA GPU Computing Toolkit\CUDA\v7.0\include;D:\Git\cmd;G:\ppathon;G:\ppathon\Library\mingw-w64\bin;G:\ppathon\Library\usr\bin;G:\ppathon\Library\bin;G:\ppathon\Scripts;C:\Program Files (x86)\IDM Computer Solutions\UltraEdit\
USERNAME=16265
OS=Windows_NT
PROCESSOR_IDENTIFIER=Intel64 Family 6 Model 78 Stepping 3, GenuineIntel



---------------  S Y S T E M  ---------------

OS: Windows 10.0 , 64 bit Build 10586 (10.0.10586.0)

CPU:total 4 (initial active 4) (2 cores per cpu, 2 threads per core) family 6 model 78 stepping 3, cmov, cx8, fxsr, mmx, sse, sse2, sse3, ssse3, sse4.1, sse4.2, popcnt, avx, avx2, aes, clmul, erms, 3dnowpref, lzcnt, ht, tsc, tscinvbit, bmi1, bmi2, adx

Memory: 4k page, physical 8249476k(1194848k free), swap 8249476k(5996k free)

vm_info: OpenJDK 64-Bit Server VM (25.152-b06) for windows-amd64 JRE (1.8.0_152-release-1136-b06), built by "builder" with MS VC++ 10.0 (VS2010)

time: Thu Feb 28 11:20:20 2019
elapsed time: 6 seconds (0d 0h 0m 6s)

